[    0.000000] Initializing cgroup subsys cpuset
[    0.000000] Initializing cgroup subsys cpu
[    0.000000] Initializig roup susycpact    0.000] inx erson 44.45generi (ilddlg1-4)(g vrsi 5.0 20609 Ubuntu5.0-6ubunu16.04.2 )66Ubuntu SMP Wed ct19 14127 UTC206 (Uuntu 44.4566-generic .421)[   0.000] Coma line: BOOT_IMAGE=/boot/vlinuz.4-45-enicroot=LABEL=cloudimg-rootfs ro console=tty1 console=ttyS0
[    0.000000] KERNEL supported cpus:
[     0.00000]   Intel GnuineIntel
[  000000  MDAutencAMD
[    .000000  enaur enurHauls
[    00000] x8/f: xstate_fft[2]:  576 xtatesis[2]:  256
[    0.000000] x86/fpu: Supporting XSAVE feature 0x01: 'x87 floating poin registers'
[    0.000000] x86/fpu: Supporting XSAVE feature 0x02: 'SSE registers'
[    0.000000] x86/fpu: Supporting XSAVE feature 0x04: 'AVX registers'
[    0.000000] x86/fpu: Enabled xstate features 0x7, context size is 832 bytes, using 'standard' format.
[    0.000000] x86/fpu: Using 'lazy' FPU context switches.
[    0.000000] e820: BIOS-provided physical RAM map:
[    0.000000] BIOS-e820: [mem 0x0000000000000000-0x000000000009fbff] usable
[    0.000000] BIOS-e820: [mem 0x000000000009fc00-0x000000000009ffff] reserved
[    0.000000] BIOS-e820: [mem 0x00000000000f0000-0x00000000000fffff] reserved
[    000000] BIO-e0: [mm 00000000000-0x000001ffefff]sabl
  0.00000BIOS-e820: [mem 0x000000001fff0000-0x000000001fffffff] ACPI data
[    0.000000] BIOS-e820: [mem 0x00000000fffc0000-0x00000000ffffffff] reserved
[    0.000000] NX (Execute Disable) protection: active
[    0.000000] SMBIOS 2.5 present.
[    0.000000] Hypervisor detected: KVM
[    0.000000] e820: last_pfn = 0x1fff0 max_arc_pfn = x400000
[    0.000000] MTRR: Disabled
[    0.000000] x86/PAT: MTRRs disabled, skipping PAT initialization too.
[    0.000000] x86/PAT: Configuration [0-7]: B T UC- UC  WB  T UC- UC  
[    0.000000] CPU MTRRs all blank - virtualized system.
[    0.000000] found SMP MP-table at [mem 0x0009fff0-0x0009ffff mpe at [ff800009fff0][    0.000] Scanng areas for lowmerycorrupon
[    0.000] RAMDISK: [mem 0xff00-01f1ff]
[   0.00000]AC: arly talehecksum verification disabled
[    0.000000] ACPI: RSDP 0x00000000000E0000 000024 (v02 VBOX  )
[    0.000000] ACPI: XSDT 0x000000001FFF0030 00003C (v01 VBOX   VBOXXSDT 00000001 ASL  00000061)
[    .0000]AC: FACP 0x000000001FF0F 000F4v04 VBO  BOFACP 0000 ASL  000001)
[  000000] APIDSDT 0x000000001FFF0470 001CEB (v01 VBOX   VBOXBIOS 00000002 INTL 20100528)
[    0.000000] ACPI: FACS 0x000000001FFF0200 000040
[    0.000000] ACPI: FACS 0x000000001FFF0200 000040
[    0.000000] ACPI: APIC 0x000000001FFF0240 00005C (v02 VBOX   VBOXAPIC 00000001 ASL  00000061)
[    0.000000] ACPI: SSDT 0x000000001FFF02A0 0001CC (v01 VBOX   VBOXCPUT 00000002 INTL 20100528)
[    0.000000] No NUMA configuration found
[    0.000000] Faking a node at [mem 0x0000000000000000-0x000000001ffeffff]
[    0.000000] NODE_DATA(0) allocated [mem 0x1ffeb000-0x1ffeffff]
[    0.000000] kvm-clock: Using msrs 4b564d01 and 4b564d00
[    0.000000] kvm-clock: cpu 0, msr 0:1ffe7001, primary cpu clock
[    0.000000] kvmclockusg sched fft f 2977609 cyces
[   00000] losource:kvclck: as 0ffffffffffffmacyles: 01c2edff, ax_idl_ns: 881901483 ns[  0.000] one rangs:
[    0.000] DMA     [emx000000001000-00000000fff]
[   0000  DMA3  [mem0x0000000000-0x000001ffeffff]
[   0.0000] Nomal   empty
[    0.000000]   Device   empty
[    0.000000] Movable zone start for each node
[    0.00000Early memory node ranges
[    0.000000]   node   0: [mem 0x0000000000001000-0x000000000009efff]
   0.000000]   node   0: [mem 0x0000000000100-0x000000001ffeffff]
[    0.000000] Initmem stunode 0[mem 0x0000000000001000-0x0000001fefff
[    0.000000] ACPI: PM-Tim I Port: x48
[  00000 IAPIC[]: piid 2,veio 1, dress 0xfec00000, GSI 0-23
[    0.000000] ACPI: INSR_OVR (bus 0 bus_irq 0 global_irq 2 dfl dfl)
[    0.000000] ACPI: INT_SRC_OVR (bus 0 bus_irq 9 global_irq 9 hih evel)
[    0.000000] Using ACPI (MADT) for SMP configuration information
[    0.000000] smpboot: Allowing 2 CPUs, 0 hotplug CPUs
[    0000] PM: Registered nosave memory: [mem 0x00000000-0x00000fff]
[    0.000000] PM: Registered nosave memory: [mem 0x0009f000-0x0009ffff]
[    0.000000] PM: Registered nosave memory: [mem 0x000a0000-0x000effff]
[    0.000000] PM: Registered nosave memory: [mem 0x000f0000-0x000fffff]
[    0.000000] e820: [mem 0x20000000-0xfffff] aiable for PCIdece
[    0.000000] Booting paravirtualized kernel on KVM
[    0.000000] clocksource: refined-jiffies: mask: 0xffffffff max_cycles: 0xffffffff, max_idle_ns: 7645519600211568 ns
[    0.000000] setup_percpu: NR_CPUS:256 nr_cpumask_bits:256 nr_cpu_ids:2 nr_node_ids:1
[    0.000000] PERCPU: Embedded 33 pages/cpu @ffff88001fc00000 s98008 r8192 d28968 u1048576
[    0.000000] PV qspinlock hash table entries: 256 (order: 0, 40 btes)
[    0.000000] Built 1 zonelists in Node order, mobility grouping on.  Total pages: 128889
[    0.000000] Policy zone: DMA32
[    0.000000] Kernel command line: BOOT_IMAGE=/boot/vmlinuz-4.4.0-45-generic root=LABEL=cloudimg-rootfs ro console=tty1 console=ttyS0
[    0.000000] PID hash table entries: 2048 (order: 2, 16384 bytes)
[    0.000000] Memory: 488340K/523832K available (8409K kernel code, 1283K rwdata, 3944K rodata, 1480K init, 1292K bss, 35492K reserved, 0K cma-reserved)
[    0.000000] SLUB: HWalign=64, Order=0-3,MinOjes=0, CPUs=2,ods=1
[    0.000000] Hierarchical RCU implementation.
[    0.000000] 	Build-time adjustment of leaf fanout to 64.
[    0.000000] 	RCU restricting CPUs from NR_CPUS=256 to nr_cpu_ids=2.
[    0.000000] RCU: Adjusting geometry for rcu_fanout_leaf=64, nr_cpu_ids=2
[    0.000000] NR_IRQS6640 nr_irqs:440 16
[    0.000000] Console: colour VGA+ 80x25
[    0.000000] console [tty1] enabled
[    0.000000] console [ttyS] enabl
    0.000000] tsc: Detected 2700.000 MHz processor
[    7.139136] Calibrating delay loop (skipped) preset value.. 5400.00 BogoMIPS (lpj=10800000)
[    7.142557] pid_max: default: 32768 minimum: 301
[    7.155398] ACPI: Core revision 20150930
[    7.167333] ACPI: 2 ACPI AML tables successfully acquired and loaded
[    7.231885] Security Framework initialized
[    7.242755] Yama: becoming mindful.
[    7.243748] AppArmor: AppArmor initialized
[    7.244784] Dentry cache hash table entries: 65536 (order: 7, 524288 bytes)
[    7.246296] Inode-cache hash table entries: 32768 (order: 6, 262144 bytes)
[    7.280455] Mount-cache hash table entries: 1024 (order: 1, 8192 bytes)
[    7.372490] Mountpoint-cache hash table entries: 1024 (order: 1, 8192 bytes)
[    7.375245] Initializing cgroup subsys io
[    7.426581] Initializing cgroup subsys memory
[    7.453786] Initializing cgroup subsys devices
[    7.486300] Initializing cgroup subsys freezer
[    7.558318] Initializing cgroup subsys net_cls
[    7.607815] Initializing cgroup subsys perf_event
[    7.654273] Initializing cgroup subsys net_prio
[    7.671993] Initializing cgroup subsys hugetlb
[    7.734140] Initializing cgroup subsys pids
[    7.741843] CPU: Physical Processor ID: 0
[    7.780781] CPU: Processor Core ID: 0
[    7.792138] mce: CPU supports 0 MCE banks
[    7.812069] Last level iTLB entries: 4KB 64, 2MB 8, 4MB 8
[    7.821086] Last level dTLB entries: 4KB 64, 2MB 0, 4MB 0, 1GB 4
[    7.857169] Freeing SMP alternatives memory: 32K (ffffffff820b4000 - ffffffff820bc000)
[    7.932942] ftrace: allocating 32007 entries in 126 pages
[    7.994566] smpboot: Max logical packages: 1
[    8.026681] smpboot: APIC(0) Converting physical 0 to logical package 0
[    8.035106] ..TIMER: vector=0x30 apic1=0 pin1=2 apic2=-1 pin2=-1
[    8.173868] smpboot: CPU0: Intel(R) Core(TM) i5-5257U CPU @ 2.70GHz (family: 0x6, model: 0x3d, stepping: 0x4)
[    8.302442] Performance Events: unsupported p6 CPU model 61 no PMU driver, software events only.
[    8.305121] KVM setup paravirtual spinlock
[    8.351408] x86: Booting SMP configuration:
[    8.424771] .... node  #0, CPUs:      #1
[    8.444500] kvm-clock: cpu 1, msr 0:1ffe7041, secondary cpu clock
[    8.471959] mce: CPU supports 0 MCE banks
[    8.512889] x86: Booted up 1 node, 2 CPUs
[    8.522025] smpboot: Total of 2 processors activated (10800.00 BogoMIPS)
[    8.588442] devtmpfs: initialized
[    8.610749] evm: security.selinux
[    8.635695] evm: security.SMACK64
[    8.642031] evm: security.SMACK64EXEC
[    8.668913] evm: security.SMACK64TRANSMUTE
[    8.681547] evm: security.SMACK64MMAP
[    8.682493] evm: security.ima
[    8.683289] evm: security.capability
[    8.701121] clocksource: jiffies: mask: 0xffffffff max_cycles: 0xffffffff, max_idle_ns: 7645041785100000 ns
[    8.727899] pinctrl core: initialized pinctrl subsystem
[    8.737559] RTC time:  9:10:59, date: 11/05/16
[    8.741627] NET: Registered protocol family 16
[    8.767381] cpuidle: using governor ladder
[    8.822393] cpuidle: using governor menu
[    8.851846] PCCT header not found.
[    8.895434] ACPI: bus type PCI registered
[    8.929712] acpiphp: ACPI Hot Plug PCI Controller Driver version: 0.5
[    8.976714] PCI: Using configuration type 1 for base access
[    9.042689] ACPI: Added _OSI(Module Device)
[    9.082190] ACPI: Added _OSI(Processor Device)
[    9.112089] ACPI: Added _OSI(3.0 _SCP Extensions)
[    9.113197] ACPI: Added _OSI(Processor Aggregator Device)
[    9.146397] ACPI: Executed 1 blocks of module-level executable AML code
[    9.190003] ACPI: Interpreter enabled
[    9.209234] ACPI Exception: AE_NOT_FOUND, While evaluating Sleep State [\_S1_] (20150930/hwxface-580)
[    9.252830] ACPI Exception: AE_NOT_FOUND, While evaluating Sleep State [\_S2_] (20150930/hwxface-580)
[    9.300582] ACPI Exception: AE_NOT_FOUND, While evaluating Sleep State [\_S3_] (20150930/hwxface-580)
[    9.368827] ACPI Exception: AE_NOT_FOUND, While evaluating Sleep State [\_S4_] (20150930/hwxface-580)
[    9.403015] ACPI: (supports S0 S5)
[    9.438548] ACPI: Using IOAPIC for interrupt routing
[    9.471682] PCI: Using host bridge windows from ACPI; if necessary, use "pci=nocrs" and report a bug
[    9.549711] ACPI: PCI Root Bridge [PCI0] (domain 0000 [bus 00-ff])
[    9.574827] acpi PNP0A03:00: _OSC: OS supports [ASPM ClockPM Segments MSI]
[    9.620048] acpi PNP0A03:00: _OSC failed (AE_NOT_FOUND); disabling ASPM
[    9.657298] acpi PNP0A03:00: fail to add MMCONFIG information, can't access extended PCI configuration space under this bridge.
[    9.750702] PCI host bridge to bus 0000:00
[    9.781647] pci_bus 0000:00: root bus resource [io  0x0000-0x0cf7 window]
[    9.783052] pci_bus 0000:00: root bus resource [io  0x0d00-0xffff window]
[    9.806443] pci_bus 0000:00: root bus resource [mem 0x000a0000-0x000bffff window]
[    9.852227] pci_bus 0000:00: root bus resource [mem 0x20000000-0xffdfffff window]
[    9.922976] pci_bus 0000:00: root bus resource [bus 00-ff]
[    9.961069] pci 0000:00:01.1: legacy IDE quirk: reg 0x10: [io  0x01f0-0x01f7]
[   10.022053] pci 0000:00:01.1: legacy IDE quirk: reg 0x14: [io  0x03f6]
[   10.067158] pci 0000:00:01.1: legacy IDE quirk: reg 0x18: [io  0x0170-0x0177]
[   10.115332] pci 0000:00:01.1: legacy IDE quirk: reg 0x1c: [io  0x0376]
[   10.134280] ACPI: PCI Interrupt Link [LNKA] (IRQs 5 9 10 11) *0, disabled.
[   10.193814] ACPI: PCI Interrupt Link [LNKB] (IRQs 5 9 10 *11)
[   10.219553] ACPI: PCI Interrupt Link [LNKC] (IRQs 5 9 *10 11)
[   10.228046] ACPI: PCI Interrupt Link [LNKD] (IRQs 5 *9 10 11)
[   10.238088] ACPI: Enabled 2 GPEs in block 00 to 07
[   10.259048] vgaarb: setting as boot device: PCI:0000:00:02.0
[   10.287758] vgaarb: device added: PCI:0000:00:02.0,decodes=io+mem,owns=io+mem,locks=none
[   10.308471] vgaarb: loaded
[   10.314968] vgaarb: bridge control possible 0000:00:02.0
[   10.325619] SCSI subsystem initialized
[   10.341265] ACPI: bus type USB registered
[   10.358969] usbcore: registered new interface driver usbfs
[   10.360433] usbcore: registered new interface driver hub
[   10.397939] usbcore: registered new device driver usb
[   10.440924] PCI: Using ACPI for IRQ routing
[   10.474423] NetLabel: Initializing
[   10.496939] NetLabel:  domain hash size = 128
[   10.498055] NetLabel:  protocols = UNLABELED CIPSOv4
[   10.504883] NetLabel:  unlabeled traffic allowed by default
[   10.559111] amd_nb: Cannot enumerate AMD northbridges
[   10.591079] clocksource: Switched to clocksource kvm-clock
[   10.600401]ppmo AArr ilysm Enabled
[  1.96703 p: P PIni
  1.14] p:nPCP fnd3 vis

[   11.822316] clocksource: acpi_pm: mask: 0xffffff max_cycles: 0xffffff, max_idle_ns: 2085701024 ns
[   11.891373] NET: Registered protocol family 2
[   11.892512] TCP established hash table entries: 4096 (order: 3, 32768 bytes)
[   11.995001] TCP bind hash table entries: 4096 (order: 4, 65536 bytes)
[   12.039164] TCP: Hash tables configured (established 4096 bind 4096)
[   12.067749] UDP hash table entries: 256 (order: 1, 8192 bytes)
[   12.089401] UDP-Lite hash table entries: 256 (order: 1, 8192 bytes)
[   12.109983] NET: Registered protocol family 1
[   12.163741] pci 0000:00:00.0: Limiting direct PCI/PCI transfers
[   12.279077] pci 0000:00:01.0: Activating ISA DMA hang workarounds
[   12.313992] Trying to unpack rootfs image as initramfs...
[   13.768307] Freeing initrd memory: 8216K (ffff88001effc000 - ffff88001f802000)
[   13.941115] RAPL PMU detected, API unit is 2^-32 Joules, 4 fixed counters 10737418240 ms ovfl timer
[   14.221095] hw unit of domain pp0-core 2^-0 Joules
[   14.313396] hw unit of domain package 2^-0 Joules
[   14.410518] hw unit of domain dram 2^-0 Joules
[   14.483539] hw unit of domain pp1-gpu 2^-0 Joules
[   14.500736] platform rtc_cmos: registered platform RTC device (no PNP device found)
[   14.519782] Scanning for low memory corruption every 60 seconds
[   14.532841] futex hash table entries: 512 (order: 3, 32768 bytes)
[   14.561321] audit: initializing netlink subsys (disabled)
[   14.600277] audit: type=2000 audit(1478337059.960:1): initialized
[   14.669508] Initialise system trusted keyring
[   14.709823] HugeTLB registered 2 MB page size, pre-allocated 0 pages
[   14.761843] zbud: loaded
[   4.683] S:isquota dot.6.0
[   15.140631] VFS: Dquot-cache hah blenie: 2 orr 0, 4096 bytes)
[  15.453682] squashfs: version 4.0 (2009/01/31) Phillip Lougher[ 15.499732] tsc: efne T ccksourccabrio 201.55 z
[  14935 clocksource: tsc: mask: 0xffffffffffffffff max_cycles: 0x26f0df08cb8, ma_idle_ns: 40795253856 ns

[   16.375890] fuse init (API version 7.23)
[   16.384975] Key type big_key registered
[   16.389992] Allocating IMA MOK and blacklist keyrings.
[   16.405163] Key type asymmetric registered
[   16.406166] Asymmetric key parser 'x509' registered
[   16.407435] Block layer SCSI generic (bsg) driver version 0.4 loaded (major 249)
[   16.418573] io scheduler noop registered
[   16.422445] io scheduler deadline registered (default)
[   16.425241] io scheduler cfq registered
[   16.431291] pci_hotplug: PCI Hot Plug PCI Core version: 0.5
[   16.441248] pciehp: PCI Express Hot Plug Controller Driver version: 0.4
[   16.443400] ACPI: AC Adapter [AC] (on-line)
[   16.447183] input: Power Button as /devices/LNXSYSTM:00/LNXPWRBN:00/input/input0
[   16.452551] ACPI: Power Button [PWRF]
[   16.453562] input: Sleep Button as /devices/LNXSYSTM:00/LNXSLPBN:00/input/input1
[   16.455559] ACPI: Sleep Button [SLPF]
[   16.462105] GHES: HEST is not enabled!
[   16.463508] ACPI: Battery Slot [BAT0] (battery present)
[   16.478323] Serial: 8250/16550 driver, 32 ports, IRQ sharing enabled
[   16.519574] 00:02: ttyS0 at I/O 0x3f8 (irq = 4, base_baud = 115200) is a 16550A
[   16.544138] Linux agpgart interface v0.103
[   16.551480] brd: module loaded
[   16.563174] loop: module loaded
[   16.567752] scsi host0: ata_piix
[   16.570014] scsi host1: ata_piix
[   16.579739] ata1: PATA max UDMA/33 cmd 0x1f0 ctl 0x3f6 bmdma 0xd000 irq 14
[   16.592689] ata2: PATA max UDMA/33 cmd 0x170 ctl 0x376 bmdma 0xd008 irq 15
[   16.611516] libphy: Fixed MDIO Bus: probed
[   16.613661] tun: Universal TUN/TAP device driver, 1.6
[   16.630064] tun: (C) 1999-2004 Max Krasnyansky <maxk@qualcomm.com>
[   16.634811] PPP generic driver version 2.4.2
[   16.651836] ehci_hcd: USB 2.0 'Enhanced' Host Controller (EHCI) Driver
[   16.660721] ehci-pci: EHCI PCI platform driver
[   16.667430] ehci-platform: EHCI generic platform driver
[   16.671414] ohci_hcd: USB 1.1 'Open' Host Controller (OHCI) Driver
[   16.691940] ohci-pci: OHCI PCI platform driver
[   16.705008] ohci-platform: OHCI generic platform driver
[   16.763807] uhci_hcd: USB Universal Host Controller Interface driver
[   16.777140] i8042: PNP: PS/2 Controller [PNP0303:PS2K,PNP0f03:PS2M] at 0x60,0x64 irq 1,12
[   16.800064] serio: i8042 KBD port at 0x60,0x64 irq 1
[   16.809655] serio: i8042 AUX port at 0x60,0x64 irq 12
[   16.819734] mousedev: PS/2 mouse device common for all mice
[   16.828043] rtc_cmos rtc_cmos: rtc core: registered rtc_cmos as rtc0
[   16.841357] input: AT Translated Set 2 keyboard as /devices/platform/i8042/serio0/input/input2
[   16.850122] rtc_cmos rtc_cmos: alarms up to one day, 114 bytes nvram
[   16.854057] i2c /dev entries driver
[   16.855053] device-mapper: uevent: version 1.0.3
[   16.862025] device-mapper: ioctl: 4.34.0-ioctl (2015-10-28) initialised: dm-devel@redhat.com
[   16.866132] ledtrig-cpu: registered to indicate activity on CPUs
[   16.896144] NET: Registered protocol family 10
[   16.926363] NET: Registered protocol family 17
[   16.943155] Key type dns_resolver registered
[   16.957380] microcode: CPU0 sig=0x306d4, pf=0x40, revision=0x0
[   16.960921] microcode: CPU1 sig=0x306d4, pf=0x40, revision=0x0
[   16.965548] microcode: Microcode Update Driver: v2.01 <tigran@aivazian.fsnet.co.uk>, Peter Oruba
[   16.969911] registered taskstats version 1
[   16.970920] Loading compiled-in X.509 certificates
[   16.986215] Loaded X.509 cert 'Build time autogenerated kernel key: 5295ae568fdd4deae5e4e5c175542790e6aaeab9'
[   16.988834] zswap: loaded using pool lzo/zbud
[   17.003144] Key type trusted registered
[   17.018759] Key type encrypted registered
[   17.021438] AppArmor: AppArmor sha1 policy hashing enabled
[   17.029871] ima: No TPM chip found, activating TPM-bypass!
[   17.038531] evm: HMAC attrs: 0x1
[   17.041166]   Magic number: 8:973:170
[   17.042189]   hash matches /build/linux-kOWph6/linux-4.4.0/drivers/base/power/main.c:816
[   17.045314] rtc_cmos rtc_cmos: setting system clock to 2016-11-05 09:11:08 UTC (1478337068)
[   17.054208] BIOS EDD facility v0.16 2004-Jun-25, 0 devices found
[   17.056629] EDD information not available.
[   17.058911] Freeing unused kernel memory: 1480K (ffffffff81f42000 - ffffffff820b4000)
[   17.065242] Write protecting the kernel read-only data: 14336k
[   17.070339] Freeing unused kernel memory: 1820K (ffff880001839000 - ffff880001a00000)
[   17.080434] Freeing unused kernel memory: 152K (ffff880001dda000 - ffff880001e00000)
Loading, please [   17.115544] random: systemd-udevd: uninitialized urandom read (16 bytes read, 3 bits of entropy available)
wait...
startin[   17.118399] random: udevadm: uninitialized urandom read (16 bytes read, 3 bits of entropy available)
g version 229
[   17.118465] random: udevadm: uninitialized urandom read (16 bytes read, 3 bits of entropy available)
[   17.118627] random: udevadm: uninitialized urandom read (16 bytes read, 3 bits of entropy available)
[   17.118684] random: udevadm: uninitialized urandom read (16 bytes read, 3 bits of entropy available)
[   17.118749] random: udevadm: uninitialized urandom read (16 bytes read, 3 bits of entropy available)
[   17.118810] random: udevadm: uninitialized urandom read (16 bytes read, 3 bits of entropy available)
[   17.118864] random: udevadm: uninitialized urandom read (16 bytes read, 3 bits of entropy available)
[   17.118915] random: udevadm: uninitialized urandom read (16 bytes read, 3 bits of entropy available)
[   17.118970] random: udevadm: uninitialized urandom read (16 bytes read, 3 bits of entropy available)
[   17.356382] Fusion MPT base driver 3.04.20
[   17.359436] Copyright (c) 1999-2008 LSI Corporation
[   17.385854] e1000: Intel(R) PRO/1000 Network Driver - version 7.3.21-k8-NAPI
[   17.416489] e1000: Copyright (c) 1999-2006 Intel Corporation.
[   17.460137] Fusion MPT SPI Host driver 3.04.20
[   17.482458] mptbase: ioc0: Initiating bringup
[   17.539040] AVX version of gcm_enc/dec engaged.
[   17.558346] AES CTR mode by8 optimization enabled
[   17.611407] ioc0: LSI53C1030 A0: Capabilities={Initiator}
[   17.661224] input: ImExPS/2 Generic Explorer Mouse as /devices/platform/i8042/serio1/input/input4
[   18.174002] scsi host2: ioc0: LSI53C1030 A0, FwRev=00000000h, Ports=1, MaxQ=256, IRQ=20
[   19.458099] scsi 2:0:0:0: Direct-Access     VBOX     HARDDISK         1.0  PQ: 0 ANSI: 5
[   19.558496] scsi target2:0:0: Beginning Domain Validation
[   19.592693] scsi target2:0:0: Domain Validation skipping write tests
[   19.610056] scsi target2:0:0: Ending Domain Validation
[   19.611417] scsi target2:0:0: asynchronous
[   19.627026] scsi 2:0:1:0: Direct-Access     VBOX     HARDDISK         1.0  PQ: 0 ANSI: 5
[   19.637536] scsi target2:0:1: Beginning Domain Validation
[   19.639965] scsi target2:0:1: Domain Validation skipping write tests
[   19.658378] scsi target2:0:1: Ending Domain Validation
[   19.668000] scsi target2:0:1: asynchronous
[   19.776164] sd 2:0:0:0: Attached scsi generic sg0 type 0
[   19.785743] sd 2:0:1:0: Attached scsi generic sg1 type 0
[   19.785807] sd 2:0:0:0: [sda] 20971520 512-byte logical blocks: (10.7 GB/10.0 GiB)
[   19.785934] sd 2:0:1:0: [sdb] 20480 512-byte logical blocks: (10.5 MB/10.0 MiB)
[   19.786026] sd 2:0:0:0: [sda] Write Protect is off
[   19.790628] sd 2:0:0:0: [sda] Incomplete mode parameter data
[   19.790629] sd 2:0:0:0: [sda] Assuming drive cache: write through
[   19.790640] sd 2:0:1:0: [sdb] Write Protect is off
[   19.790825] sd 2:0:1:0: [sdb] Incomplete mode parameter data
[   19.790825] sd 2:0:1:0: [sdb] Assuming drive cache: write through
[   19.827145]  sda: sda1
[   19.839914] sd 2:0:1:0: [sdb] Attached SCSI disk
[   19.852895] sd 2:0:0:0: [sda] Attached SCSI disk
[   19.960722] e1000 0000:00:03.0 eth0: (PCI:33MHz:32-bit) 02:0d:4d:0a:20:b8
[   19.991322] e1000 0000:00:03.0 eth0: Intel(R) PRO/1000 Network Connection
[   19.993496] e1000 0000:00:03.0 enp0s3: renamed from eth0
[   20.512640] floppy0: no floppy controllers found
Begin: Loading e[   21.934074] md: linear personality registered for level -1
ssential drivers[   22.022368] md: multipath personality registered for level -4
 ... [   22.069600] md: raid0 personality registered for level 0
[   22.137691] md: raid1 personality registered for level 1
[   22.243305] raid6: sse2x1   gen()  7569 MB/s
[   22.335327] raid6: sse2x1   xor()  3788 MB/s
[   22.435350] raid6: sse2x2   gen() 10530 MB/s
[   22.519136] raid6: sse2x2   xor()  7130 MB/s
[   22.587496] raid6: sse2x4   gen() 12225 MB/s
[   22.699582] raid6: sse2x4   xor()  8125 MB/s
[   22.714645] raid6: using algorithm sse2x4 gen() 12225 MB/s
[   22.733097] raid6: .... xor() 8125 MB/s, rmw enabled
[   22.793661] raid6: using ssse3x2 recovery algorithm
[   22.845332] xor: automatically using best checksumming function:
[   22.919309]    avx       : 25172.000 MB/sec
[   22.972138] async_tx: api initialized (async)
[   23.022127] md: raid6 personality registered for level 6
[   23.079042] md: raid5 personality registered for level 5
[   23.131991] md: raid4 personality registered for level 4
[   23.180879] md: raid10 personality registered for level 10
done.
Begin: Running /scripts/init-premount ... done.
Begin: Mounting root file system ... Begin: R[   23.264902] Btrfs loaded
unning /scripts/local-top ... done.
Begin: Running /scripts/loc[   23.338067] EXT4-fs (sda1): mounted filesystem with ordered data mode. Opts: (null)
al-premount ... Scanning for Btrfs filesystems
done.
Warning: fsck not present, so skipping root file system
done.
Begin: Running /scripts/local-bottom ... done.
Begin: Running /scripts/init-bottom ... Warning: overlayroot: debug is busted
done.
[   23.464195] systemd[1]: systemd 229 running in system mode. (+PAM +AUDIT +SELINUX +IMA +APPARMOR +SMACK +SYSVINIT +UTMP +LIBCRYPTSETUP +GCRYPT +GNUTLS +ACL +XZ -LZ4 +SECCOMP +BLKID +ELFUTILS +KMOD -IDN)
[   23.604861] systemd[1]: Detected virtualization oracle.
[   23.650540] systemd[1]: Detected architecture x86-64.

Welcome to [1mUbuntu 16.04.1 LTS[0m!

[   23.712307] systemd[1]: Set hostname to <ubuntu>.
[   23.760977] systemd[1]: Initializing machine ID from random generator.
[   23.792841] systemd[1]: Installed transient /etc/machine-id file.
[   23.935609] systemd[1]: Listening on Journal Socket.
[[0;32m  OK  [0m] Listening on Journal Socket.
[   24.024348] systemd[1]: Reached target Swap.
[[0;32m  OK  [0m] Reached target Swap.
[   24.103519] systemd[1]: Listening on udev Kernel Socket.
[[0;32m  OK  [0m] Listening on udev Kernel Socket.
[   24.156405] systemd[1]: Listening on Journal Socket (/dev/log).
[[0;32m  OK  [0m] Listening on Journal Socket (/dev/log).
[   24.307906] systemd[1]: Reached target User and Group Name Lookups.
[[0;32m  OK  [0m] Reached target User and Group Name Lookups.
[   24.377327] systemd[1]: Set up automount Arbitrary Executable File Formats File System Automount Point.
[[0;32m  OK  [0m] Set up automount Arbitrary Executab...ats File System Automount Point.
[   24.469854] systemd[1]: Listening on /dev/initctl Compatibility Named Pipe.
[[0;32m  OK  [0m] Listening on /dev/initctl Compatibility Named Pipe.
[   24.495508] systemd[1]: Started Forward Password Requests to Wall Directory Watch.
[[0;32m  OK  [0m] Started Forward Password Requests to Wall Directory Watch.
[   24.531744] systemd[1]: Listening on Device-mapper event daemon FIFOs.
[[0;32m  OK  [0m] Listening on Device-mapper event daemon FIFOs.
[   24.611755] systemd[1]: Listening on Journal Audit Socket.
[[0;32m  OK  [0m] Listening on Journal Audit Socket.
[   24.695498] systemd[1]: Listening on Syslog Socket.
[[0;32m  OK  [0m] Listening on Syslog Socket.
[   24.782272] systemd[1]: Created slice System Slice.
[[0;32m  OK  [0m] Created slice System Slice.
[   24.845157] systemd[1]: Created slice system-serial\x2dgetty.slice.
[[0;32m  OK  [0m] Created slice system-serial\x2dgetty.slice.
[   24.883756] systemd[1]: Starting Journal Service...
         Starting Journal Service...
[   24.938214] systemd[1]: Starting Load Kernel Modules...
[   24.951990] Loading iSCSI transport class v2.0-870.
         Starting Load Kernel Modules...
[   25.026734] iscsi: registered transport (tcp)
[   26.018586] systemd[1]: Listening on udev Control Socket.
[[0;32m  OK  [0m] Listening on udev Control Socket.
[   26.066110] iscsi: registered transport (iser)
[   26.071528] systemd[1]: Starting Uncomplicated firewall...
         Starting Uncomplicated firewall...
[   26.197295] random: nonblocking pool is initialized
[   26.243356] systemd[1]: Mounting POSIX Message Queue File System...
         Mounting POSIX Message Queue File System...
[   26.391757] systemd[1]: Mounting Debug File System...
         Mounting Debug File System...
[   26.423911] systemd[1]: Created slice User and Session Slice.
[[0;32m  OK  [0m] Created slice User and Session Slice.
[   26.507436] systemd[1]: Starting Nameserver information manager...
         Starting Nameserver information manager...
[   26.559496] systemd[1]: Starting Remount Root and Kernel File Systems...
[   26.562994] EXT4-fs (sda1): re-mounted. Opts: (null)
         Starting Remount Root and Kernel File Systems...
[   26.672936] systemd[1]: Reached target Slices.
[[0;32m  OK  [0m] Reached target Slices.
[   26.688306] systemd[1]: Starting Set console keymap...
         Starting Set console keymap...
[   26.707179] systemd[1]: Listening on LVM2 metadata daemon socket.
[[0;32m  OK  [0m] Listening on LVM2 metadata daemon socket.
[   26.743484] systemd[1]: Starting Monitoring of LVM2 mirrors, snapshots etc. using dmeventd or progress polling...
         Starting Monitoring of LVM2 mirrors... dmeventd or progress polling...
[   26.785516] systemd[1]: Reached target Encrypted Volumes.
[[0;32m  OK  [0m] Reached target Encrypted Volumes.
[   2615296] systmd[1]: Listening on LVM2 ll  daemon socket.
[[0;32m  OK  [0m] Listening on LVM2 poll daemon socket.
[   26.990005] systemd[1]: Mounting Huge Pages File System...
         Mounting Huge Pages File System...
[   27.008289] systemd[1]: Starting Create list of required static device nodes for the current kernel...
         Starting Create list of required st... nodes for the current kernel...
[   27.077272] systemd[1]: Mounted Debug File System.
[[0;32m  OK  [0m] Mounted Debug File System.
[   27.090707] systemd[1]: Mounted POSIX Message Queue File System.
[[0;32m  OK  [0m] Mounted POSIX Message Queue File System.
[   .248166] systemd[1]: Mounted Huge Pages File System.
[[0;32m  OK  [0m] Mounted Huge Pages File System.
[   27.3932] stemd[1]: tarted Journa Svic
[[0;32m  OK  [0m] Started Journal Service.
[[0;32m  OK  [0m] Started Load Kernel Modules.
[[0;32m  OK  [0m] Started Uncomplicated firewall.
[[0;32m  OK  [0m] Started Remount Root and Kernel File Systems.
[[0;32m  OK  [0m] Started Set console keymap.
[[0;32m  OK  [0m] Started Create list of required sta...ce nodes for the current kernel.
[[0;32m  OK  [0m] Started Nameserver information manager.
[[0;32m  OK  [0m] Started LVM2 metadata daemon.
         Starting Create Static Device Nodes in /dev...
         Starting udev Coldplug all Devices...
         Starting Load/Save Random Seed...
         Starting Apply Kernel Variables...
         Mounting FUSE Control File System...
         Starting Flush Journal to Persistent Storage...
[[0;32m  OK  [0m] Mounted FUSE Control File System.
[[0;32m  OK  [0m] Started Create Static Device Nodes in /dev.
[[0;32m  OK  [0m] Started Load/Save Random Seed.
[[0;32m  OK  [0m] Started Apply Kernel Variables.
[[0;32m  OK  [0m] Started udev Coldplug all Devices.
[[0;32m  OK  [0m] Started Flush Journal to Persistent Storage.
         Starting udev Kernel Device Manager...
[[0;32m  OK  [0m] Started udev Kernel Device Manager.
[[0;32m  OK  [0m] Started Monitoring of LVM2 mirrors,...ng dmeventd or progress polling.
[[0;32m  OK  [0m] Started Dispatch Password Requests to Console Directory Watch.
[[0;32m  OK  [0m] Reached target Local File Systems (Pre).
[[0;32m  OK  [0m] Reached target Local File Systems.
         Starting Run snappy firstboot setup...
         Starting Create Volatile Files and Directories...
         Starting LSB: AppArmor initialization...
         Starting Tell Plymouth To Write Out Runtime Data...
         Starting Commit a transient machine-id on disk...
         Starting Initial cloud-init job (pre-networking)...
         Starting Set console font and keymap...
[[0;32m  OK  [0m] Started Run snappy firstboot setup.
[[0;32m  OK  [0m] Started Create Volatile Files and Directories.
[[0;32m  OK  [0m] Started Tell Plymouth To Write Out Runtime Data.
[[0;32m  OK  [0m] Started Commit a transient machine-id on disk.
[[0;32m  OK  [0m] Found device /dev/ttyS0.
[[0;32m  OK  [0m] Listening on Load/Save RF Kill Switch Status /dev/rfkill Watch.
[[0;32m  OK  [0m] Reached target System Time Synchronized.
         Starting Update UTMP about System Boot/Shutdown...
[[0;32m  OK  [0m] Started Update UTMP about System Boot/Shutdown.
[   20.276599] cloud-init[642]: Cloud-init v. 0.7.8 running 'init-local' at Sat, 05 Nov 2016 09:11:21 +0000. Up 19.80 seconds.
[[0;32m  OK  [0m] Started Initial cloud-init job (pre-networking).
[[0;32m  OK  [0m] Reached target Network (Pre).
[[0;32m  OK  [0m] Started Set console font and keymap.
[[0;32m  OK  [0m] Created slice system-getty.slice.
[[0;32m  OK  [0m] Started LSB: AppArmor initialization.
         Starting Raise network interfaces...
[[0;32m  OK  [0m] Reached target System Initialization.
[[0;32m  OK  [0m] Listening on ACPID Listen Socket.
         Starting Socket activation for snappy daemon.
[[0;32m  OK  [0m] Started Daily apt activities.
[[0;32m  OK  [0m] Listening on UUID daemon activation socket.
         Starting LXD - unix socket.
[[0;32m  OK  [0m] Started Timer to automatically refresh installed snaps.
[[0;32m  OK  [0m] Started Daily Cleanup of Temporary Directories.
[[0;32m  OK  [0m] Reached target Timers.
[[0;32m  OK  [0m] Started Trigger resolvconf update for networkd DNS.
[[0;32m  OK  [0m] Started ACPI Events Check.
[[0;32m  OK  [0m] Reached target Paths.
[[0;32m  OK  [0m] Listening on D-Bus System Message Bus Socket.
[[0;32m  OK  [0m] Listening on Socket activation for snappy daemon.
[[0;32m  OK  [0m] Listening on LXD - unix socket.
[[0;32m  OK  [0m] Reached target Sockets.
[[0;32m  OK  [0m] Reached target Basic System.
[[0;32m  OK  [0m] Started ACPI event daemon.
[[0;32m  OK  [0m] Started FUSE filesystem for LXC.
[[0;32m  OK  [0m] Started Snappy daemon.
         Starting Accounts Service...
         Starting LSB: Record successful boot for GRUB...
         Starting LSB: MD monitoring daemon...
         Starting System Logging Service...
         Starting Login Service...
[[0;32m  OK  [0m] Started Regular background program processing daemon.
[[0;32m  OK  [0m] Started D-Bus System Message Bus.
         Starting LXD - container startup/shutdown...
[[0;32m  OK  [0m] Started Deferred execution scheduler.
[[0;32m  OK  [0m] Started LSB: Record successful boot for GRUB.
[[0;32m  OK  [0m] Started LSB: MD monitoring daemon.
[[0;32m  OK  [0m] Started Login Service.
         Starting Authenticate and Authorize Users to Run Privileged Tasks...
[[0;32m  OK  [0m] Started LXD - container startup/shutdown.
[[0;32m  OK  [0m] Started Authenticate and Authorize Users to Run Privileged Tasks.
[[0;32m  OK  [0m] Started Accounts Service.
[[0;32m  OK  [0m] Started Raise network interfaces.
[[0;32m  OK  [0m] Reached target Network.
         Starting Initial cloud-init job (metadata service crawler)...
[   22.883585] cloud-init[1000]: Cloud-init v. 0.7.8 running 'init' at Sat, 05 Nov 2016 09:11:23 +0000. Up 22.35 seconds.
[   22.964775] [cloud-init[0;32m  OK  [0m[1000]: ] ci-info: +++++++++++++++++++++++++++++++++++++Net device info+++++++++++++++++++++++++++++++++++++Started Initial cloud-init job (metadata service crawler).

[   22.965279] cloud-init[1000]: ci-info: +--------+------+---------------------------+---------------+-------+-------------------+
[   23.116507] [cloud-init[0;32m  OK  [0m[1000]: ] ci-info: | Device |  Up  |          Address          |      Mask     | Scope |     Hw-Address    |Reached target Cloud-config availability.

[   23.264723] [cloud-init[0;32m  OK  [0m[1000]: ] ci-info: +--------+------+---------------------------+---------------+-------+-------------------+Reached target Network is Online.

[   23.265370] cloud-init[1000]: ci-info: |   lo   | True |         127.0.0.1         |   255.0.0.0   |   .   |         .         |
[   23.452656]          cloud-initStarting iSCSI initiator daemon (iscsid)...[1000]: 
ci-info: |   lo   | True |          ::1/128          |       .       |  host |         .         |
         Starting Apply the settings specified in cloud-config...
[   23.699684] cloud-init[1000]: ci-info: | enp0s3 | True |         10.0.2.15         | 255.255.255.0 |   .   | 02:0d:4d:0a:20:b8 |
         Starting Pollinate to seed the pseudo random number generator...
[   23.802605] cloud-init[1000]: ci-info: | enp0s3 | True | fe80::d:4dff:fe0a:20b8/64 |       .       |  link | 02:0d:4d:0a:20:b8 |
[   23.912250]          cloud-initStarting /etc/rc.local Compatibility...[1000]: 
ci-info: +--------+------+---------------------------+---------------+-------+-------------------+
[   23.980789] [cloud-init[0;32m  OK  [0m[1000]: ] ci-info: +++++++++++++++++++++++++++Route IPv4 info++++++++++++++++++++++++++++Started /etc/rc.local Compatibility.

[[0;32m  OK  [0m] Started iSCSI initiator daemon (iscsid).
[   23.981229] cloud-init[1000]: ci-info: +-------+-------------+----------+---------------+-----------+-------+
[   24.054168] cloud-init[1000]: ci-info: | Route | Destination | Gateway  |    Genmask    | Interface | Flags |
[   24.097437]          cloud-initStarting Login to default iSCSI targets...[1000]: 
ci-info: +-------+-------------+----------+---------------+-----------+-------+
[   24.192757] cloud-init[1000]: ci-info: |   0   |   0.0.0.0   | 10.0.2.2 |    0.0.0.0    |   enp0s3  |   UG  |
[   24.261124] cloud-init[1000]: ci-info: |   1   |   10.0.2.0  | 0.0.0.0  | 255.255.255.0 |   enp0s3  |   U   |
[[0;32m  OK  [0m] Started Login to default iSCSI targets.
[   24.324460] cloud-init[1000]: ci-info: +-------+-------------+----------+---------------+-----------+-------+
[   24.418019] cloud-init[1000]: Generating public/private rsa key pair.
[   24.484172] cloud-init[1000]: Your identification has been saved in /etc/ssh/ssh_host_rsa_key.
[   24.484240] cloud-init[1000]: Your public key has been saved in /etc/ssh/ssh_host_rsa_key.pub.
[   24.484473] cloud-init[1000]: The key fingerprint is:
[   24.484503] cloud-init[1000]: SHA256:ga0kTH0JVrk+YoTsqtTzqguRpvIVZx1GkZVk/66j31Y root@ubuntu-xenial
[   24.484540] cloud-init[1000]: The key's randomart image is:
[   24.484567] cloud-init[1000]: +---[RSA 2048]----+
[   24.484595] cloud-init[1000]: |    ..oo+B+.     |
[   24.484622] cloud-init[1000]: |   o ..+=...     |
[   24.484649] cloud-init[1000]: |   .o.o.=.  .    |
[   24.484678] cloud-init[1000]: | .  oo.+.o   .   |
[   24.484707] cloud-init[1000]: |o. ...+.S     .  |
[   24.484735] cloud-init[1000]: |o.. .+o o    .  E|
[   24.484763] cloud-init[1000]: |+. +.. . .    .. |
[   24.484790] cloud-init[1000]: |+...o       .o.  |
[   24.484816] cloud-init[1000]: |.++...    .ooo.  |
[   24.485028] cloud-init[1000]: +----[SHA256]-----+
[   24.485059] cloud-init[1000]: Generating public/private dsa key pair.
[   24.485088] cloud-init[1000]: Your identification has been saved in /etc/ssh/ssh_host_dsa_key.
[   24.485115] cloud-init[1000]: Your public key has been saved in /etc/ssh/ssh_host_dsa_key.pub.
[   24.485143] cloud-init[1000]: The key fingerprint is:
[   24.485169] cloud-init[1000]: SHA256:MGVL6dftpbStZ/+JbFlxpyS60vqjKCDjGQGvLHK97GM root@ubuntu-xenial
[   24.485313] cloud-init[1000]: The key's randomart image is:
[   24.485348] cloud-init[1000]: +---[DSA 1024]----+
[   24.485376] cloud-init[1000]: |        +.       |
[   24.485401] cloud-init[1000]: |.      +..       |
[   24.485428] cloud-init[1000]: |..    o..  . .   |
[   24.485455] cloud-init[1000]: | ..    o. . o +.+|
[   24.485481] cloud-init[1000]: |....    S. . = *+|
[   24.485508] cloud-init[1000]: |*oo .     .   =..|
[   24.485535] cloud-init[1000]: |++oo .   . .  o. |
[   24.485644] cloud-init[1000]: | o  E  .. + .oo +|
[   24.485708] cloud-init[1000]: |   o.o. o=...o +=|
[   24.485794] cloud-init[1000]: +----[SHA256]-----+
[   24.485846] cloud-init[1000]: Generating public/private ecdsa key pair.
[   24.485897] cloud-init[1000]: Your identification has been saved in /etc/ssh/ssh_host_ecdsa_key.
[   24.485949] cloud-init[1000]: Your public key has been saved in /etc/ssh/ssh_host_ecdsa_key.pub.
[   24.485999] cloud-init[1000]: The key fingerprint is:
[   24.486039] cloud-init[1000]: SHA256:xJ99Lg3cVIxAzlX+/HPrRn8qGlllvbr2v+/F+jun0Wo root@ubuntu-xenial
[   24.486067] cloud-init[1000]: The key's randomart image is:
[   24.486094] cloud-init[1000]: +---[ECDSA 256]---+
[   24.486120] cloud-init[1000]: |           .o..+o|
[   24.486147] cloud-init[1000]: |       .   o ..+.|
[   24.486181] cloud-init[1000]: |        o   o + o|
[   24.486208] cloud-init[1000]: |       . . + = .o|
[   24.486235] cloud-init[1000]: |        S o = o.o|
[   24.486262] cloud-init[1000]: |           o =.+.|
[   24.486302] cloud-init[1000]: |          o ..=.B|
[   24.486331] cloud-init[1000]: |           ..oE*O|
[   24.486358] cloud-init[1000]: |          ...+O@&|
[   24.486392] cloud-init[1000]: +----[SHA256]-----+
[   24.486427] cloud-init[1000]: Generating public/private ed25519 key pair.
[   24.486458] cloud-init[1000]: Your identification has been saved in /etc/ssh/ssh_host_ed25519_key.
[   24.486485] cloud-init[1000]: Your public key has been saved in /etc/ssh/ssh_host_ed25519_key.pub.
[   24.486513] cloud-init[1000]: The key fingerprint is:
[   24.486539] cloud-init[1000]: SHA256:jio53+I1gKhS43+ZPMRuMv5zC83wZnCdmuB11R7QUgY root@ubuntu-xenial
[   24.486567] cloud-init[1000]: The key's randomart image is:
[   24.486593] cloud-init[1000]: +--[ED25519 256]--+
[   24.486623] cloud-init[1000]: |            E+o  |
[   24.486649] cloud-init[1000]: |            .+.  |
[   24.486676] cloud-init[1000]: |            ..o  |
[   24.486704] cloud-init[1000]: | . .     . o . . |
[   24.486733] cloud-init[1000]: |. + ..+ S +   .  |
[   24.486762] cloud-init[1000]: |.o . oo% +       |
[   24.486789] cloud-init[[0;32m  OK  [0m] Reached target Remote File Systems (Pre).
[[0;32m  OK  [0m] Reached target Remote File Systems.
[1000]: |o .. +*oX        |
         Starting LSB: VirtualBox Linux Additions...
[   26.387186] cloud-init[1000]: |. +.++X=.        |
[   26.464557] cloud-init[1000]: |   **Bo+..       |
         Starting Permit User Sessions...
[   26.483557] cloud-init[1000]: +----[SHA256]-----+
         Starting LSB: daemon to balance interrupts for SMP systems...
[   26.509562] cloud-init[1087]: Generating locales (this might take a while)...
[   26.623591] cloud-init[1087]:   en_US.UTF-8... done
         Starting LSB: automatic crash report generation...
[   26.624394] cloud-init[1087]: Generation complete.
         Starting LSB: Set the CPU Frequency Scaling governor to "ondemand"...
[[0;32m  OK  [0m] Started Permit User Sessions.
[[0;32m  OK  [0m] Stopped OpenBSD Secure Shell server.
         Starting OpenBSD Secure Shell server...
         Starting Hold until boot process finishes up...
         Starting Terminate Plymouth Boot Screen...
[[0;32m  OK  [0m] Started OpenBSD Secure Shell server.
[[0;32m  OK  [0m] Started LSB: VirtualBox Linux Additions.
[[0;32m  OK  [0m] Started LSB: daemon to balance interrupts for SMP systems.
[[0;32m  OK  [0m] Started LSB: automatic crash report generation.
[[0;32m  OK  [0m] Started LSB: Set the CPU Frequency Scaling governor to "ondemand".
[[0;32m  OK  [0m] Started Hold until boot process finishes up.
[[0;32m  OK  [0m] Started Terminate Plymouth Boot Screen.
[[0;32m  OK  [0m] Created slice User Slice of ubuntu.
[[0;32m  OK  [0m] Started Session 1 of user ubuntu.
         Starting User Manager for UID 1000...
         Starting Set console scheme...
[[0;32m  OK  [0m] Started Getty on tty1.
[[0;32m  OK  [0m] Started Serial Getty on ttyS0.
[[0;32m  OK  [0m] Reached target Login Prompts.
[   27.703067] cloud-init[1087]: Cloud-init v. 0.7.8 running 'modules:config' at Sat, 05 Nov 2016 09:11:25 +0000. Up 23.78 seconds.
[[0;32m  OK  [0m] Started User Manager for UID 1000.
[[0;32m  OK  [0m] Started Set console scheme.
[[0;32m  OK  [0m] Started Apply the settings specified in cloud-config.
[[0;32m  OK  [0m] Started Session 2 of user ubuntu.

Ubuntu 16.04.1 LTS ubuntu-xenial ttyS0

ubuntu-xenial login: ci-info: +++++Authorized keys from /home/ubuntu/.ssh/authorized_keys for user ubuntu++++++
ci-info: +---------+-------------------------------------------------+---------+---------+
ci-info: | Keytype |                Fingerprint (md5)                | Options | Comment |
ci-info: +---------+-------------------------------------------------+---------+---------+
ci-info: | ssh-rsa | 71:92:c9:9f:0a:05:0f:74:03:63:40:32:89:89:e2:2d |    -    | vagrant |
ci-info: +---------+-------------------------------------------------+---------+---------+
<14>Nov  5 09:12:01 ec2: 
<14>Nov  5 09:12:01 ec2: #############################################################
<14>Nov  5 09:12:01 ec2: -----BEGIN SSH HOST KEY FINGERPRINTS-----
<14>Nov  5 09:12:01 ec2: 1024 SHA256:MGVL6dftpbStZ/+JbFlxpyS60vqjKCDjGQGvLHK97GM root@ubuntu-xenial (DSA)
<14>Nov  5 09:12:01 ec2: 256 SHA256:xJ99Lg3cVIxAzlX+/HPrRn8qGlllvbr2v+/F+jun0Wo root@ubuntu-xenial (ECDSA)
<14>Nov  5 09:12:01 ec2: 256 SHA256:jio53+I1gKhS43+ZPMRuMv5zC83wZnCdmuB11R7QUgY root@ubuntu-xenial (ED25519)
<14>Nov  5 09:12:01 ec2: 2048 SHA256:ga0kTH0JVrk+YoTsqtTzqguRpvIVZx1GkZVk/66j31Y root@ubuntu-xenial (RSA)
<14>Nov  5 09:12:01 ec2: -----END SSH HOST KEY FINGERPRINTS-----
<14>Nov  5 09:12:01 ec2: #############################################################
-----BEGIN SSH HOST KEY KEYS-----
ecdsa-sha2-nistp256 AAAAE2VjZHNhLXNoYTItbmlzdHAyNTYAAAAIbmlzdHAyNTYAAABBBOcsRpytg1kFSHA4Vw4J6xO6c6ZoCEbCKCSCyDM80/TBxQT5hmdaHccw4U66vuhivDY/reTx8F71h4cuR2x8RMI= root@ubuntu-xenial
ssh-ed25519 AAAAC3NzaC1lZDI1NTE5AAAAIKK8eSnYnvsZXIpCNJJJaULWOh1Zr8rG82J57Wpz9SLY root@ubuntu-xenial
ssh-rsa AAAAB3NzaC1yc2EAAAADAQABAAABAQC3ZrWHw6HYrMbJM5M8Dlmq3Uj3vHznhb7/dfI3ClOq32ZS1R5nYJeDudmgQo3IocpaDnj3cIMOSB84NXa16cPPJz4wGr8vLARzu/3WT/KUqKLyX81MRDNSBEtwldY75BHD6t9e8wvpQNbCbLkvU8YswDdNiiRWNNE+0eje/TbUvZrr+ZCLlNVC9fjw/de4oq393MW9gs0yM6XJI7bDYBGKKfL3sEhdAsFkqY7K6IQnBACH96lCH4RJYCXJI9mIcsHodYnkVZKHO90Zu7Etdas3FqtTLMP6wMUx+1g6DfuJFesDdvKbLHf7HbnCvUgKQw5WDAn1oMYvmCU83Cewc7ND root@ubuntu-xenial
-----END SSH HOST KEY KEYS-----
[   59.827193] cloud-init[1686]: Cloud-init v. 0.7.8 running 'modules:final' at Sat, 05 Nov 2016 09:12:01 +0000. Up 59.65 seconds.
[   59.827313] cloud-init[1686]: Cloud-init v. 0.7.8 finished at Sat, 05 Nov 2016 09:12:01 +0000. Datasource DataSourceNoCloud [seed=/dev/sdb][dsmode=net].  Up 59.81 seconds
